build/app/intermediates/manifest_merge_blame_file/release/manifest-merger-blame-release-report.txt
1<?xml version="1.0" encoding="utf-8"?>
2<manifest xmlns:android="http://schemas.android.com/apk/res/android"
3    package="com.example.redditech"
4    android:versionCode="1"
5    android:versionName="1.0.0" >
6
7    <uses-sdk
8        android:minSdkVersion="19"
8-->src/main/AndroidManifest.xml
9        android:targetSdkVersion="31" />
9-->src/main/AndroidManifest.xml
10
11    <uses-permission android:name="android.permission.INTERNET" />
11-->src/main/AndroidManifest.xml:47:3-64
11-->src/main/AndroidManifest.xml:47:20-62
12    <uses-permission android:name="android.permission.ACCESS_NETWORK_STATE" />
12-->[com.google.android.exoplayer:exoplayer-core:2.14.1] AndroidManifest.xml:24:5-79
12-->[com.google.android.exoplayer:exoplayer-core:2.14.1] AndroidManifest.xml:24:22-76
13
14    <application
14-->src/main/AndroidManifest.xml:2:3-46:17
15        android:appComponentFactory="androidx.core.app.CoreComponentFactory"
15-->[androidx.core:core:1.6.0] AndroidManifest.xml:24:18-86
16        android:icon="@mipmap/ic_launcher"
16-->src/main/AndroidManifest.xml:3:16-50
17        android:label="reddit"
17-->src/main/AndroidManifest.xml:2:16-38
18        android:versionCode="1000"
18-->src/main/AndroidManifest.xml:4:16-42
19        android:versionName="1.0.0" >
19-->src/main/AndroidManifest.xml:5:16-43
20        <activity
20-->src/main/AndroidManifest.xml:6:5-14:16
21            android:name="com.linusu.flutter_web_auth.CallbackActivity"
21-->src/main/AndroidManifest.xml:6:15-74
22            android:exported="true" >
22-->src/main/AndroidManifest.xml:7:15-38
23            <intent-filter android:label="flutter_web_auth" >
23-->src/main/AndroidManifest.xml:8:7-13:23
23-->src/main/AndroidManifest.xml:8:22-54
24                <action android:name="android.intent.action.VIEW" />
24-->src/main/AndroidManifest.xml:9:9-61
24-->src/main/AndroidManifest.xml:9:17-58
25
26                <category android:name="android.intent.category.DEFAULT" />
26-->src/main/AndroidManifest.xml:10:9-68
26-->src/main/AndroidManifest.xml:10:19-65
27                <category android:name="android.intent.category.BROWSABLE" />
27-->src/main/AndroidManifest.xml:11:9-70
27-->src/main/AndroidManifest.xml:11:19-67
28
29                <data android:scheme="pierregregoire" />
29-->src/main/AndroidManifest.xml:12:9-49
29-->src/main/AndroidManifest.xml:12:15-46
30            </intent-filter>
31        </activity>
32        <activity
32-->src/main/AndroidManifest.xml:15:5-40:16
33            android:name="com.example.redditech.MainActivity"
33-->src/main/AndroidManifest.xml:17:15-43
34            android:configChanges="orientation|keyboardHidden|keyboard|screenSize|smallestScreenSize|locale|layoutDirection|fontScale|screenLayout|density|uiMode"
34-->src/main/AndroidManifest.xml:20:15-165
35            android:exported="true"
35-->src/main/AndroidManifest.xml:16:5-28
36            android:hardwareAccelerated="true"
36-->src/main/AndroidManifest.xml:21:15-49
37            android:launchMode="singleTop"
37-->src/main/AndroidManifest.xml:18:15-45
38            android:theme="@style/LaunchTheme"
38-->src/main/AndroidManifest.xml:19:15-49
39            android:windowSoftInputMode="adjustResize" >
39-->src/main/AndroidManifest.xml:22:15-57
40
41            <!--
42           Specifies an Android theme to apply to this Activity as soon as
43                 the Android process has started. This theme is visible to the user
44                 while the Flutter UI initializes. After that, this theme continues
45                 to determine the Window background behind the Flutter UI.
46            -->
47            <meta-data
47-->src/main/AndroidManifest.xml:27:7-28:58
48                android:name="io.flutter.embedding.android.NormalTheme"
48-->src/main/AndroidManifest.xml:27:18-73
49                android:resource="@style/NormalTheme" />
49-->src/main/AndroidManifest.xml:28:18-55
50            <!--
51           Displays an Android View that continues showing the launch screen
52                 Drawable until Flutter paints its first frame, then this splash
53                 screen fades out. A splash screen is useful to avoid any visual
54                 gap between the end of Android's launch screen and the painting of
55                 Flutter's first frame.
56            -->
57            <meta-data
57-->src/main/AndroidManifest.xml:34:7-35:67
58                android:name="io.flutter.embedding.android.SplashScreenDrawable"
58-->src/main/AndroidManifest.xml:34:18-82
59                android:resource="@drawable/launch_background" />
59-->src/main/AndroidManifest.xml:35:18-64
60
61            <intent-filter>
61-->src/main/AndroidManifest.xml:36:7-39:23
62                <action android:name="android.intent.action.MAIN" />
62-->src/main/AndroidManifest.xml:37:9-60
62-->src/main/AndroidManifest.xml:37:17-58
63
64                <category android:name="android.intent.category.LAUNCHER" />
64-->src/main/AndroidManifest.xml:38:9-68
64-->src/main/AndroidManifest.xml:38:19-66
65            </intent-filter>
66        </activity>
67        <!-- <uses-permission android:name="android.permission.INTERNET"/> -->
68        <!--
69         Don't delete the meta-data below.
70             This is used by the Flutter tool to generate GeneratedPluginRegistrant.java
71        -->
72        <meta-data
72-->src/main/AndroidManifest.xml:44:5-45:36
73            android:name="flutterEmbedding"
73-->src/main/AndroidManifest.xml:44:16-47
74            android:value="2" />
74-->src/main/AndroidManifest.xml:45:16-33
75
76        <activity
76-->[:url_launcher_android] AndroidManifest.xml:8:9-11:74
77            android:name="io.flutter.plugins.urllauncher.WebViewActivity"
77-->[:url_launcher_android] AndroidManifest.xml:9:13-74
78            android:exported="false"
78-->[:url_launcher_android] AndroidManifest.xml:10:13-37
79            android:theme="@android:style/Theme.NoTitleBar.Fullscreen" />
79-->[:url_launcher_android] AndroidManifest.xml:11:13-71
80
81        <uses-library
81-->[androidx.window:window:1.0.0-beta04] AndroidManifest.xml:25:9-27:40
82            android:name="androidx.window.extensions"
82-->[androidx.window:window:1.0.0-beta04] AndroidManifest.xml:26:13-54
83            android:required="false" />
83-->[androidx.window:window:1.0.0-beta04] AndroidManifest.xml:27:13-37
84        <uses-library
84-->[androidx.window:window:1.0.0-beta04] AndroidManifest.xml:28:9-30:40
85            android:name="androidx.window.sidecar"
85-->[androidx.window:window:1.0.0-beta04] AndroidManifest.xml:29:13-51
86            android:required="false" />
86-->[androidx.window:window:1.0.0-beta04] AndroidManifest.xml:30:13-37
87    </application>
88
89</manifest>